Arguments: 
  /Users/zhangyingmei/.nvm/versions/node/v12.13.0/bin/node /Users/zhangyingmei/.nvm/versions/node/v12.13.0/bin/yarn init

PATH: 
  /Users/zhangyingmei/.nvm/versions/node/v12.13.0/bin:/Users/zhangyingmei/Downloads/apache-maven-3.3.9/bin:/usr/local/bin:/usr/bin:/bin:/usr/sbin:/sbin:/Users/zhangyingmei/Downloads/apache-maven-3.3.9/bin:/Users/zhangyingmei/apache-maven-3.3.9/bin:/Users/zhangyingmei/apache-maven-3.3.9/bin

Yarn version: 
  1.22.5

Node version: 
  12.13.0

Platform: 
  darwin x64

Trace: 
  Error: canceled
      at Interface.<anonymous> (/Users/zhangyingmei/.nvm/versions/node/v12.13.0/lib/node_modules/yarn/lib/cli.js:136216:13)
      at Interface.emit (events.js:210:5)
      at Interface._ttyWrite (readline.js:887:16)
      at ReadStream.onkeypress (readline.js:191:10)
      at ReadStream.emit (events.js:210:5)
      at emitKeys (internal/readline/utils.js:433:14)
      at emitKeys.next (<anonymous>)
      at ReadStream.onData (readline.js:1153:36)
      at ReadStream.emit (events.js:210:5)
      at addChunk (_stream_readable.js:308:12)

npm manifest: 
  {
    "name": "self-gulp-cli",
    "version": "1.0.0",
    "main": "index.js",
    "repository": "https://github.com/itbainianmei/self-gulp-cli.git",
    "author": "张英美 <1935686874@qq.com>",
    "license": "MIT"
  }

yarn manifest: 
  No manifest

Lockfile: 
  No lockfile
